<?xml version="1.0" encoding="UTF-8"?>
<testsuite xmlns:xsi="http://www.w3.org/2001/XMLSchema-instance" xsi:noNamespaceSchemaLocation="https://maven.apache.org/surefire/maven-surefire-plugin/xsd/surefire-test-report-3.0.xsd" version="3.0" name="| login | pass |" time="42.589" tests="7" errors="0" skipped="3" failures="2">
  <properties>
[...]
</properties>
  <testcase name="" classname="| login | pass |" time="0">
    <system-out><![CDATA[SLF4J: Class path contains multiple SLF4J bindings.
SLF4J: Found binding in [jar:file:/C:/Users/dolin/.m2/repository/org/slf4j/slf4j-simple/1.7.14/slf4j-simple-1.7.14.jar!/org/slf4j/impl/StaticLoggerBinder.class]
SLF4J: Found binding in [jar:file:/C:/Users/dolin/.m2/repository/org/slf4j/slf4j-log4j12/1.7.5/slf4j-log4j12-1.7.5.jar!/org/slf4j/impl/StaticLoggerBinder.class]
SLF4J: See http://www.slf4j.org/codes.html#multiple_bindings for an explanation.
SLF4J: Actual binding is of type [org.slf4j.impl.SimpleLoggerFactory]
2022-15-02 19:26:49  ERROR [           LoginPage:70  ] : can not work with elementorg.openqa.selenium.NoSuchElementException: no such element: Unable to locate element: {"method":"xpath","selector":".//*[@id='userSigninLogin']"}
  (Session info: chrome=98.0.4758.82)
For documentation on this error, please visit: http://seleniumhq.org/exceptions/no_such_element.html
Build info: version: '3.14.0', revision: 'aacccce0', time: '2018-08-02T20:19:58.91Z'
System info: host: 'LAPTOP', ip: '192.168.43.219', os.name: 'Windows 10', os.arch: 'amd64', os.version: '10.0', java.version: '1.8.0_271'
Driver info: org.openqa.selenium.chrome.ChromeDriver
Capabilities {acceptInsecureCerts: false, browserName: chrome, browserVersion: 98.0.4758.82, chrome: {chromedriverVersion: 98.0.4758.80 (7f0488e8ba0d8..., userDataDir: C:\Users\dolin\AppData\Loca...}, goog:chromeOptions: {debuggerAddress: localhost:53592}, javascriptEnabled: true, networkConnectionEnabled: false, pageLoadStrategy: normal, platform: WINDOWS, platformName: WINDOWS, proxy: Proxy(), setWindowRect: true, strictFileInteractability: false, timeouts: {implicit: 0, pageLoad: 300000, script: 30000}, unhandledPromptBehavior: dismiss and notify, webauthn:extension:credBlob: true, webauthn:extension:largeBlob: true, webauthn:virtualAuthenticators: true}
Session ID: ac20024c9b58e0955f4d29b2244ed35f
*** Element info: {Using=xpath, value=.//*[@id='userSigninLogin']}

2022-15-02 19:27:09  ERROR [           LoginPage:70  ] : can not work with elementorg.openqa.selenium.NoSuchElementException: no such element: Unable to locate element: {"method":"xpath","selector":".//*[@id='userSigninLogin']"}
  (Session info: chrome=98.0.4758.82)
For documentation on this error, please visit: http://seleniumhq.org/exceptions/no_such_element.html
Build info: version: '3.14.0', revision: 'aacccce0', time: '2018-08-02T20:19:58.91Z'
System info: host: 'LAPTOP', ip: '192.168.43.219', os.name: 'Windows 10', os.arch: 'amd64', os.version: '10.0', java.version: '1.8.0_271'
Driver info: org.openqa.selenium.chrome.ChromeDriver
Capabilities {acceptInsecureCerts: false, browserName: chrome, browserVersion: 98.0.4758.82, chrome: {chromedriverVersion: 98.0.4758.80 (7f0488e8ba0d8..., userDataDir: C:\Users\dolin\AppData\Loca...}, goog:chromeOptions: {debuggerAddress: localhost:53638}, javascriptEnabled: true, networkConnectionEnabled: false, pageLoadStrategy: normal, platform: WINDOWS, platformName: WINDOWS, proxy: Proxy(), setWindowRect: true, strictFileInteractability: false, timeouts: {implicit: 0, pageLoad: 300000, script: 30000}, unhandledPromptBehavior: dismiss and notify, webauthn:extension:credBlob: true, webauthn:extension:largeBlob: true, webauthn:virtualAuthenticators: true}
Session ID: ce6c8cdb41a7a5832f6dd2a94528ef66
*** Element info: {Using=xpath, value=.//*[@id='userSigninLogin']}


2
 Scenarios (
&amp#27;[31m2 failed&amp#27;[0m
)
10
 Steps (
&amp#27;[31m2 failed&amp#27;[0m
, 
&amp#27;[36m6 skipped&amp#27;[0m
, 
&amp#27;[32m2 passed&amp#27;[0m
)
1m
2,989s

java.lang.AssertionError: can not work with elementorg.openqa.selenium.NoSuchElementException: no such element: Unable to locate element: {"method":"xpath","selector":".//*[@id='userSigninLogin']"}
  (Session info: chrome=98.0.4758.82)
For documentation on this error, please visit: http://seleniumhq.org/exceptions/no_such_element.html
Build info: version: '3.14.0', revision: 'aacccce0', time: '2018-08-02T20:19:58.91Z'
System info: host: 'LAPTOP', ip: '192.168.43.219', os.name: 'Windows 10', os.arch: 'amd64', os.version: '10.0', java.version: '1.8.0_271'
Driver info: org.openqa.selenium.chrome.ChromeDriver
Capabilities {acceptInsecureCerts: false, browserName: chrome, browserVersion: 98.0.4758.82, chrome: {chromedriverVersion: 98.0.4758.80 (7f0488e8ba0d8..., userDataDir: C:\Users\dolin\AppData\Loca...}, goog:chromeOptions: {debuggerAddress: localhost:53592}, javascriptEnabled: true, networkConnectionEnabled: false, pageLoadStrategy: normal, platform: WINDOWS, platformName: WINDOWS, proxy: Proxy(), setWindowRect: true, strictFileInteractability: false, timeouts: {implicit: 0, pageLoad: 300000, script: 30000}, unhandledPromptBehavior: dismiss and notify, webauthn:extension:credBlob: true, webauthn:extension:largeBlob: true, webauthn:virtualAuthenticators: true}
Session ID: ac20024c9b58e0955f4d29b2244ed35f
*** Element info: {Using=xpath, value=.//*[@id='userSigninLogin']}
	at org.junit.Assert.fail(Assert.java:88)
	at pages.ParentPage.writeErrorAndStopTest(ParentPage.java:71)
	at pages.ParentPage.enterTextToElement(ParentPage.java:31)
	at pages.LoginPage.enterEmailInSignIn(LoginPage.java:94)
	at StepDefinition.LoginPage_StepDefinition.user_enters_Wrong_login_login_into_Login_input_on_Login_page(LoginPage_StepDefinition.java:19)
	at ✽.When User enters 'login' login into 'Login' input on 'Login' page(C:/viviennsabo/src/test/resources/loginTest/login.feature:8)

java.lang.AssertionError: can not work with elementorg.openqa.selenium.NoSuchElementException: no such element: Unable to locate element: {"method":"xpath","selector":".//*[@id='userSigninLogin']"}
  (Session info: chrome=98.0.4758.82)
For documentation on this error, please visit: http://seleniumhq.org/exceptions/no_such_element.html
Build info: version: '3.14.0', revision: 'aacccce0', time: '2018-08-02T20:19:58.91Z'
System info: host: 'LAPTOP', ip: '192.168.43.219', os.name: 'Windows 10', os.arch: 'amd64', os.version: '10.0', java.version: '1.8.0_271'
Driver info: org.openqa.selenium.chrome.ChromeDriver
Capabilities {acceptInsecureCerts: false, browserName: chrome, browserVersion: 98.0.4758.82, chrome: {chromedriverVersion: 98.0.4758.80 (7f0488e8ba0d8..., userDataDir: C:\Users\dolin\AppData\Loca...}, goog:chromeOptions: {debuggerAddress: localhost:53638}, javascriptEnabled: true, networkConnectionEnabled: false, pageLoadStrategy: normal, platform: WINDOWS, platformName: WINDOWS, proxy: Proxy(), setWindowRect: true, strictFileInteractability: false, timeouts: {implicit: 0, pageLoad: 300000, script: 30000}, unhandledPromptBehavior: dismiss and notify, webauthn:extension:credBlob: true, webauthn:extension:largeBlob: true, webauthn:virtualAuthenticators: true}
Session ID: ce6c8cdb41a7a5832f6dd2a94528ef66
*** Element info: {Using=xpath, value=.//*[@id='userSigninLogin']}
	at org.junit.Assert.fail(Assert.java:88)
	at pages.ParentPage.writeErrorAndStopTest(ParentPage.java:71)
	at pages.ParentPage.enterTextToElement(ParentPage.java:31)
	at pages.LoginPage.enterEmailInSignIn(LoginPage.java:94)
	at StepDefinition.LoginPage_StepDefinition.user_enters_Wrong_login_login_into_Login_input_on_Login_page(LoginPage_StepDefinition.java:19)
	at ✽.When User enters '' login into 'Login' input on 'Login' page(C:/viviennsabo/src/test/resources/loginTest/login.feature:8)

2022-15-02 19:26:46   INFO [           LoginPage:43  ] : Login page was opened
]]></system-out>
    <system-err><![CDATA[[pool-2-thread-2] INFO io.github.bonigarcia.wdm.WebDriverManager - Using chromedriver 98.0.4758.80 (since Google Chrome 98 is installed in your machine)
[pool-2-thread-2] INFO io.github.bonigarcia.wdm.WebDriverManager - Exporting webdriver.chrome.driver as C:\Users\dolin\.m2\repository\webdriver\chromedriver\win32\98.0.4758.80\chromedriver.exe
Starting ChromeDriver 98.0.4758.80 (7f0488e8ba0d8e019187c6325a16c29d9b7f4989-refs/branch-heads/4758@{#972}) on port 7796
Only local connections are allowed.
Please see https://chromedriver.chromium.org/security-considerations for suggestions on keeping ChromeDriver safe.
ChromeDriver was started successfully.
фев 15, 2022 7:26:32 PM org.openqa.selenium.remote.ProtocolHandshake createSession
INFO: Detected dialect: W3C
]]></system-err>
  </testcase>
  <testcase name="" classname="| login | pass |" time="0">
    <failure message="can not work with elementorg.openqa.selenium.NoSuchElementException: no such element: Unable to locate element: {&quot;method&quot;:&quot;xpath&quot;,&quot;selector&quot;:&quot;.//*[@id=&apos;userSigninLogin&apos;]&quot;}&#10;  (Session info: chrome=98.0.4758.82)&#10;For documentation on this error, please visit: http://seleniumhq.org/exceptions/no_such_element.html&#10;Build info: version: &apos;3.14.0&apos;, revision: &apos;aacccce0&apos;, time: &apos;2018-08-02T20:19:58.91Z&apos;&#10;System info: host: &apos;LAPTOP&apos;, ip: &apos;192.168.43.219&apos;, os.name: &apos;Windows 10&apos;, os.arch: &apos;amd64&apos;, os.version: &apos;10.0&apos;, java.version: &apos;1.8.0_271&apos;&#10;Driver info: org.openqa.selenium.chrome.ChromeDriver&#10;Capabilities {acceptInsecureCerts: false, browserName: chrome, browserVersion: 98.0.4758.82, chrome: {chromedriverVersion: 98.0.4758.80 (7f0488e8ba0d8..., userDataDir: C:\Users\dolin\AppData\Loca...}, goog:chromeOptions: {debuggerAddress: localhost:53592}, javascriptEnabled: true, networkConnectionEnabled: false, pageLoadStrategy: normal, platform: WINDOWS, platformName: WINDOWS, proxy: Proxy(), setWindowRect: true, strictFileInteractability: false, timeouts: {implicit: 0, pageLoad: 300000, script: 30000}, unhandledPromptBehavior: dismiss and notify, webauthn:extension:credBlob: true, webauthn:extension:largeBlob: true, webauthn:virtualAuthenticators: true}&#10;Session ID: ac20024c9b58e0955f4d29b2244ed35f&#10;*** Element info: {Using=xpath, value=.//*[@id=&apos;userSigninLogin&apos;]}" type="java.lang.AssertionError"><![CDATA[java.lang.AssertionError: 
can not work with elementorg.openqa.selenium.NoSuchElementException: no such element: Unable to locate element: {"method":"xpath","selector":".//*[@id='userSigninLogin']"}
  (Session info: chrome=98.0.4758.82)
For documentation on this error, please visit: http://seleniumhq.org/exceptions/no_such_element.html
Build info: version: '3.14.0', revision: 'aacccce0', time: '2018-08-02T20:19:58.91Z'
System info: host: 'LAPTOP', ip: '192.168.43.219', os.name: 'Windows 10', os.arch: 'amd64', os.version: '10.0', java.version: '1.8.0_271'
Driver info: org.openqa.selenium.chrome.ChromeDriver
Capabilities {acceptInsecureCerts: false, browserName: chrome, browserVersion: 98.0.4758.82, chrome: {chromedriverVersion: 98.0.4758.80 (7f0488e8ba0d8..., userDataDir: C:\Users\dolin\AppData\Loca...}, goog:chromeOptions: {debuggerAddress: localhost:53592}, javascriptEnabled: true, networkConnectionEnabled: false, pageLoadStrategy: normal, platform: WINDOWS, platformName: WINDOWS, proxy: Proxy(), setWindowRect: true, strictFileInteractability: false, timeouts: {implicit: 0, pageLoad: 300000, script: 30000}, unhandledPromptBehavior: dismiss and notify, webauthn:extension:credBlob: true, webauthn:extension:largeBlob: true, webauthn:virtualAuthenticators: true}
Session ID: ac20024c9b58e0955f4d29b2244ed35f
*** Element info: {Using=xpath, value=.//*[@id='userSigninLogin']}
]]></failure>
  </testcase>
  <testcase name="Given User opens &apos;Login&apos; page" classname="| login | pass |" time="0.003"/>
  <testcase name="When User enters &apos;login&apos; login into &apos;Login&apos; input on &apos;Login&apos; page" classname="| login | pass |" time="0.013">
    <failure message="can not work with elementorg.openqa.selenium.NoSuchElementException: no such element: Unable to locate element: {&quot;method&quot;:&quot;xpath&quot;,&quot;selector&quot;:&quot;.//*[@id=&apos;userSigninLogin&apos;]&quot;}&#10;  (Session info: chrome=98.0.4758.82)&#10;For documentation on this error, please visit: http://seleniumhq.org/exceptions/no_such_element.html&#10;Build info: version: &apos;3.14.0&apos;, revision: &apos;aacccce0&apos;, time: &apos;2018-08-02T20:19:58.91Z&apos;&#10;System info: host: &apos;LAPTOP&apos;, ip: &apos;192.168.43.219&apos;, os.name: &apos;Windows 10&apos;, os.arch: &apos;amd64&apos;, os.version: &apos;10.0&apos;, java.version: &apos;1.8.0_271&apos;&#10;Driver info: org.openqa.selenium.chrome.ChromeDriver&#10;Capabilities {acceptInsecureCerts: false, browserName: chrome, browserVersion: 98.0.4758.82, chrome: {chromedriverVersion: 98.0.4758.80 (7f0488e8ba0d8..., userDataDir: C:\Users\dolin\AppData\Loca...}, goog:chromeOptions: {debuggerAddress: localhost:53592}, javascriptEnabled: true, networkConnectionEnabled: false, pageLoadStrategy: normal, platform: WINDOWS, platformName: WINDOWS, proxy: Proxy(), setWindowRect: true, strictFileInteractability: false, timeouts: {implicit: 0, pageLoad: 300000, script: 30000}, unhandledPromptBehavior: dismiss and notify, webauthn:extension:credBlob: true, webauthn:extension:largeBlob: true, webauthn:virtualAuthenticators: true}&#10;Session ID: ac20024c9b58e0955f4d29b2244ed35f&#10;*** Element info: {Using=xpath, value=.//*[@id=&apos;userSigninLogin&apos;]}" type="java.lang.AssertionError"><![CDATA[java.lang.AssertionError: 
can not work with elementorg.openqa.selenium.NoSuchElementException: no such element: Unable to locate element: {"method":"xpath","selector":".//*[@id='userSigninLogin']"}
  (Session info: chrome=98.0.4758.82)
For documentation on this error, please visit: http://seleniumhq.org/exceptions/no_such_element.html
Build info: version: '3.14.0', revision: 'aacccce0', time: '2018-08-02T20:19:58.91Z'
System info: host: 'LAPTOP', ip: '192.168.43.219', os.name: 'Windows 10', os.arch: 'amd64', os.version: '10.0', java.version: '1.8.0_271'
Driver info: org.openqa.selenium.chrome.ChromeDriver
Capabilities {acceptInsecureCerts: false, browserName: chrome, browserVersion: 98.0.4758.82, chrome: {chromedriverVersion: 98.0.4758.80 (7f0488e8ba0d8..., userDataDir: C:\Users\dolin\AppData\Loca...}, goog:chromeOptions: {debuggerAddress: localhost:53592}, javascriptEnabled: true, networkConnectionEnabled: false, pageLoadStrategy: normal, platform: WINDOWS, platformName: WINDOWS, proxy: Proxy(), setWindowRect: true, strictFileInteractability: false, timeouts: {implicit: 0, pageLoad: 300000, script: 30000}, unhandledPromptBehavior: dismiss and notify, webauthn:extension:credBlob: true, webauthn:extension:largeBlob: true, webauthn:virtualAuthenticators: true}
Session ID: ac20024c9b58e0955f4d29b2244ed35f
*** Element info: {Using=xpath, value=.//*[@id='userSigninLogin']}
]]></failure>
  </testcase>
  <testcase name="And User enters &apos;pass&apos; passWord into &apos;PassWord&apos; input on &apos;Login&apos; page" classname="| login | pass |" time="0">
    <skipped/>
  </testcase>
  <testcase name="And User click on &apos;SingIn&apos; button on &apos;Login&apos; page" classname="| login | pass |" time="0">
    <skipped/>
  </testcase>
  <testcase name="Then User sees alert message with text &apos;&apos;" classname="| login | pass |" time="0">
    <skipped/>
  </testcase>
</testsuite>